<?xml version="1.0" encoding="UTF-8"?>
<!-- Generated by org.testng.reporters.JUnitReportReporter -->
<testsuite hostname="Pavan_Kumar" failures="0" tests="1" name="driverFactory.AppTest" time="22.453" errors="0" timestamp="2024-01-30T16:02:56 IST" skipped="0">
  <testcase classname="driverFactory.AppTest" name="startTest" time="22.453">
    <system-out>
      <![CDATA[No of rows are::10
username and password are valid::dashboard------http://webapp.qedgetech.com/dashboard.php
Incorrect user ID or password-------dashboard-------http://webapp.qedgetech.com/login.php
username and password are valid::dashboard------http://webapp.qedgetech.com/dashboard.php
Incorrect user ID or password-------dashboard-------http://webapp.qedgetech.com/login.php
username and password are valid::dashboard------http://webapp.qedgetech.com/dashboard.php
Incorrect user ID or password-------dashboard-------http://webapp.qedgetech.com/login.php
Incorrect user ID or password-------dashboard-------http://webapp.qedgetech.com/login.php
username and password are valid::dashboard------http://webapp.qedgetech.com/dashboard.php
username and password are valid::dashboard------http://webapp.qedgetech.com/dashboard.php
username and password are valid::dashboard------http://webapp.qedgetech.com/dashboard.php]]>
    </system-out>
  </testcase> <!-- startTest -->
  <system-out>
    <![CDATA[No of rows are::10
username and password are valid::dashboard------http://webapp.qedgetech.com/dashboard.php
Incorrect user ID or password-------dashboard-------http://webapp.qedgetech.com/login.php
username and password are valid::dashboard------http://webapp.qedgetech.com/dashboard.php
Incorrect user ID or password-------dashboard-------http://webapp.qedgetech.com/login.php
username and password are valid::dashboard------http://webapp.qedgetech.com/dashboard.php
Incorrect user ID or password-------dashboard-------http://webapp.qedgetech.com/login.php
Incorrect user ID or password-------dashboard-------http://webapp.qedgetech.com/login.php
username and password are valid::dashboard------http://webapp.qedgetech.com/dashboard.php
username and password are valid::dashboard------http://webapp.qedgetech.com/dashboard.php
username and password are valid::dashboard------http://webapp.qedgetech.com/dashboard.php]]>
  </system-out>
</testsuite> <!-- driverFactory.AppTest -->
